<?xml version="1.0" encoding="UTF-8"?>
<testsuite name="com.mindex.challenge.service.impl.EmployeeServiceImplTest" tests="1" skipped="0" failures="0" errors="0" timestamp="2021-06-25T20:41:54" hostname="DESKTOP-MDMOTRT" time="0.506">
  <properties/>
  <testcase name="testCompensation" classname="com.mindex.challenge.service.impl.EmployeeServiceImplTest" time="0.506"/>
  <system-out><![CDATA[16:41:49.510 [Test worker] DEBUG org.springframework.test.context.junit4.SpringJUnit4ClassRunner - SpringJUnit4ClassRunner constructor called with [class com.mindex.challenge.service.impl.EmployeeServiceImplTest]
16:41:49.518 [Test worker] DEBUG org.springframework.test.context.BootstrapUtils - Instantiating CacheAwareContextLoaderDelegate from class [org.springframework.test.context.cache.DefaultCacheAwareContextLoaderDelegate]
16:41:49.529 [Test worker] DEBUG org.springframework.test.context.BootstrapUtils - Instantiating BootstrapContext using constructor [public org.springframework.test.context.support.DefaultBootstrapContext(java.lang.Class,org.springframework.test.context.CacheAwareContextLoaderDelegate)]
16:41:49.570 [Test worker] DEBUG org.springframework.test.context.BootstrapUtils - Instantiating TestContextBootstrapper for test class [com.mindex.challenge.service.impl.EmployeeServiceImplTest] from class [org.springframework.boot.test.context.SpringBootTestContextBootstrapper]
16:41:49.590 [Test worker] INFO org.springframework.boot.test.context.SpringBootTestContextBootstrapper - Neither @ContextConfiguration nor @ContextHierarchy found for test class [com.mindex.challenge.service.impl.EmployeeServiceImplTest], using SpringBootContextLoader
16:41:49.595 [Test worker] DEBUG org.springframework.test.context.support.AbstractContextLoader - Did not detect default resource location for test class [com.mindex.challenge.service.impl.EmployeeServiceImplTest]: class path resource [com/mindex/challenge/service/impl/EmployeeServiceImplTest-context.xml] does not exist
16:41:49.596 [Test worker] DEBUG org.springframework.test.context.support.AbstractContextLoader - Did not detect default resource location for test class [com.mindex.challenge.service.impl.EmployeeServiceImplTest]: class path resource [com/mindex/challenge/service/impl/EmployeeServiceImplTestContext.groovy] does not exist
16:41:49.596 [Test worker] INFO org.springframework.test.context.support.AbstractContextLoader - Could not detect default resource locations for test class [com.mindex.challenge.service.impl.EmployeeServiceImplTest]: no resource found for suffixes {-context.xml, Context.groovy}.
16:41:49.597 [Test worker] INFO org.springframework.test.context.support.AnnotationConfigContextLoaderUtils - Could not detect default configuration classes for test class [com.mindex.challenge.service.impl.EmployeeServiceImplTest]: EmployeeServiceImplTest does not declare any static, non-private, non-final, nested classes annotated with @Configuration.
16:41:49.649 [Test worker] DEBUG org.springframework.test.context.support.ActiveProfilesUtils - Could not find an 'annotation declaring class' for annotation type [org.springframework.test.context.ActiveProfiles] and class [com.mindex.challenge.service.impl.EmployeeServiceImplTest]
16:41:49.742 [Test worker] DEBUG org.springframework.context.annotation.ClassPathScanningCandidateComponentProvider - Identified candidate component class: file [C:\Users\robertgraham\Documents\mindex-java-code-challenge\build\classes\java\main\com\mindex\challenge\ChallengeApplication.class]
16:41:49.745 [Test worker] INFO org.springframework.boot.test.context.SpringBootTestContextBootstrapper - Found @SpringBootConfiguration com.mindex.challenge.ChallengeApplication for test class com.mindex.challenge.service.impl.EmployeeServiceImplTest
16:41:49.876 [Test worker] DEBUG org.springframework.boot.test.context.SpringBootTestContextBootstrapper - @TestExecutionListeners is not present for class [com.mindex.challenge.service.impl.EmployeeServiceImplTest]: using defaults.
16:41:49.876 [Test worker] INFO org.springframework.boot.test.context.SpringBootTestContextBootstrapper - Loaded default TestExecutionListener class names from location [META-INF/spring.factories]: [org.springframework.boot.test.autoconfigure.restdocs.RestDocsTestExecutionListener, org.springframework.boot.test.autoconfigure.web.client.MockRestServiceServerResetTestExecutionListener, org.springframework.boot.test.autoconfigure.web.servlet.MockMvcPrintOnlyOnFailureTestExecutionListener, org.springframework.boot.test.autoconfigure.web.servlet.WebDriverTestExecutionListener, org.springframework.boot.test.mock.mockito.MockitoTestExecutionListener, org.springframework.boot.test.mock.mockito.ResetMocksTestExecutionListener, org.springframework.test.context.web.ServletTestExecutionListener, org.springframework.test.context.support.DirtiesContextBeforeModesTestExecutionListener, org.springframework.test.context.support.DependencyInjectionTestExecutionListener, org.springframework.test.context.support.DirtiesContextTestExecutionListener, org.springframework.test.context.transaction.TransactionalTestExecutionListener, org.springframework.test.context.jdbc.SqlScriptsTestExecutionListener, org.springframework.test.context.event.EventPublishingTestExecutionListener]
16:41:49.900 [Test worker] INFO org.springframework.boot.test.context.SpringBootTestContextBootstrapper - Using TestExecutionListeners: [org.springframework.test.context.web.ServletTestExecutionListener@6d63defd, org.springframework.test.context.support.DirtiesContextBeforeModesTestExecutionListener@7f805dc7, org.springframework.boot.test.mock.mockito.MockitoTestExecutionListener@1f1c6691, org.springframework.boot.test.autoconfigure.SpringBootDependencyInjectionTestExecutionListener@3355fbbc, org.springframework.test.context.support.DirtiesContextTestExecutionListener@40325f1d, org.springframework.test.context.transaction.TransactionalTestExecutionListener@3da14cb9, org.springframework.test.context.jdbc.SqlScriptsTestExecutionListener@41f58d72, org.springframework.test.context.event.EventPublishingTestExecutionListener@5de116eb, org.springframework.boot.test.autoconfigure.restdocs.RestDocsTestExecutionListener@f7970fd, org.springframework.boot.test.autoconfigure.web.client.MockRestServiceServerResetTestExecutionListener@388a212f, org.springframework.boot.test.autoconfigure.web.servlet.MockMvcPrintOnlyOnFailureTestExecutionListener@55f9b551, org.springframework.boot.test.autoconfigure.web.servlet.WebDriverTestExecutionListener@7aa74b, org.springframework.boot.test.mock.mockito.ResetMocksTestExecutionListener@44c0d121]
16:41:49.904 [Test worker] DEBUG org.springframework.test.annotation.ProfileValueUtils - Retrieved @ProfileValueSourceConfiguration [null] for test class [com.mindex.challenge.service.impl.EmployeeServiceImplTest]
16:41:49.905 [Test worker] DEBUG org.springframework.test.annotation.ProfileValueUtils - Retrieved ProfileValueSource type [class org.springframework.test.annotation.SystemProfileValueSource] for class [com.mindex.challenge.service.impl.EmployeeServiceImplTest]
16:41:49.911 [Test worker] DEBUG org.springframework.test.annotation.ProfileValueUtils - Retrieved @ProfileValueSourceConfiguration [null] for test class [com.mindex.challenge.service.impl.EmployeeServiceImplTest]
16:41:49.911 [Test worker] DEBUG org.springframework.test.annotation.ProfileValueUtils - Retrieved ProfileValueSource type [class org.springframework.test.annotation.SystemProfileValueSource] for class [com.mindex.challenge.service.impl.EmployeeServiceImplTest]
16:41:49.912 [Test worker] DEBUG org.springframework.test.annotation.ProfileValueUtils - Retrieved @ProfileValueSourceConfiguration [null] for test class [com.mindex.challenge.service.impl.EmployeeServiceImplTest]
16:41:49.912 [Test worker] DEBUG org.springframework.test.annotation.ProfileValueUtils - Retrieved ProfileValueSource type [class org.springframework.test.annotation.SystemProfileValueSource] for class [com.mindex.challenge.service.impl.EmployeeServiceImplTest]
16:41:49.926 [Test worker] DEBUG org.springframework.test.context.support.AbstractDirtiesContextTestExecutionListener - Before test class: context [DefaultTestContext@2508d704 testClass = EmployeeServiceImplTest, testInstance = [null], testMethod = [null], testException = [null], mergedContextConfiguration = [WebMergedContextConfiguration@48353261 testClass = EmployeeServiceImplTest, locations = '{}', classes = '{class com.mindex.challenge.ChallengeApplication}', contextInitializerClasses = '[]', activeProfiles = '{}', propertySourceLocations = '{}', propertySourceProperties = '{org.springframework.boot.test.context.SpringBootTestContextBootstrapper=true, server.port=0}', contextCustomizers = set[org.springframework.boot.test.autoconfigure.properties.PropertyMappingContextCustomizer@0, org.springframework.boot.test.autoconfigure.web.servlet.WebDriverContextCustomizerFactory$Customizer@18744404, org.springframework.boot.test.context.filter.ExcludeFilterContextCustomizer@3474ea18, org.springframework.boot.test.json.DuplicateJsonObjectContextCustomizerFactory$DuplicateJsonObjectContextCustomizer@454bcf10, org.springframework.boot.test.mock.mockito.MockitoContextCustomizer@0, org.springframework.boot.test.web.client.TestRestTemplateContextCustomizer@cd58e79], resourceBasePath = 'src/main/webapp', contextLoader = 'org.springframework.boot.test.context.SpringBootContextLoader', parent = [null]], attributes = map['org.springframework.test.context.web.ServletTestExecutionListener.activateListener' -> false]], class annotated with @DirtiesContext [false] with mode [null].
16:41:49.929 [Test worker] DEBUG org.springframework.test.annotation.ProfileValueUtils - Retrieved @ProfileValueSourceConfiguration [null] for test class [com.mindex.challenge.service.impl.EmployeeServiceImplTest]
16:41:49.929 [Test worker] DEBUG org.springframework.test.annotation.ProfileValueUtils - Retrieved ProfileValueSource type [class org.springframework.test.annotation.SystemProfileValueSource] for class [com.mindex.challenge.service.impl.EmployeeServiceImplTest]
16:41:49.935 [Test worker] DEBUG org.springframework.test.context.support.DependencyInjectionTestExecutionListener - Performing dependency injection for test context [[DefaultTestContext@2508d704 testClass = EmployeeServiceImplTest, testInstance = com.mindex.challenge.service.impl.EmployeeServiceImplTest@21bc889a, testMethod = [null], testException = [null], mergedContextConfiguration = [WebMergedContextConfiguration@48353261 testClass = EmployeeServiceImplTest, locations = '{}', classes = '{class com.mindex.challenge.ChallengeApplication}', contextInitializerClasses = '[]', activeProfiles = '{}', propertySourceLocations = '{}', propertySourceProperties = '{org.springframework.boot.test.context.SpringBootTestContextBootstrapper=true, server.port=0}', contextCustomizers = set[org.springframework.boot.test.autoconfigure.properties.PropertyMappingContextCustomizer@0, org.springframework.boot.test.autoconfigure.web.servlet.WebDriverContextCustomizerFactory$Customizer@18744404, org.springframework.boot.test.context.filter.ExcludeFilterContextCustomizer@3474ea18, org.springframework.boot.test.json.DuplicateJsonObjectContextCustomizerFactory$DuplicateJsonObjectContextCustomizer@454bcf10, org.springframework.boot.test.mock.mockito.MockitoContextCustomizer@0, org.springframework.boot.test.web.client.TestRestTemplateContextCustomizer@cd58e79], resourceBasePath = 'src/main/webapp', contextLoader = 'org.springframework.boot.test.context.SpringBootContextLoader', parent = [null]], attributes = map['org.springframework.test.context.web.ServletTestExecutionListener.activateListener' -> false]]].
16:41:49.960 [Test worker] DEBUG org.springframework.test.context.support.TestPropertySourceUtils - Adding inlined properties to environment: {spring.jmx.enabled=false, org.springframework.boot.test.context.SpringBootTestContextBootstrapper=true, server.port=0}

  .   ____          _            __ _ _
 /\\ / ___'_ __ _ _(_)_ __  __ _ \ \ \ \
( ( )\___ | '_ | '_| | '_ \/ _` | \ \ \ \
 \\/  ___)| |_)| | | | | || (_| |  ) ) ) )
  '  |____| .__|_| |_|_| |_\__, | / / / /
 =========|_|==============|___/=/_/_/_/
 :: Spring Boot ::        (v2.2.0.RELEASE)

2021-06-25 16:41:50.284  INFO 8568 --- [    Test worker] c.m.c.s.impl.EmployeeServiceImplTest     : Starting EmployeeServiceImplTest on DESKTOP-MDMOTRT with PID 8568 (started by robertgraham in C:\Users\robertgraham\Documents\mindex-java-code-challenge)
2021-06-25 16:41:50.285 DEBUG 8568 --- [    Test worker] c.m.c.s.impl.EmployeeServiceImplTest     : Running with Spring Boot v2.2.0.RELEASE, Spring v5.2.0.RELEASE
2021-06-25 16:41:50.286  INFO 8568 --- [    Test worker] c.m.c.s.impl.EmployeeServiceImplTest     : No active profile set, falling back to default profiles: default
2021-06-25 16:41:50.795  INFO 8568 --- [    Test worker] .s.d.r.c.RepositoryConfigurationDelegate : Bootstrapping Spring Data repositories in DEFAULT mode.
2021-06-25 16:41:50.854  INFO 8568 --- [    Test worker] .s.d.r.c.RepositoryConfigurationDelegate : Finished Spring Data repository scanning in 52ms. Found 1 repository interfaces.
2021-06-25 16:41:51.762  INFO 8568 --- [    Test worker] o.s.b.w.embedded.tomcat.TomcatWebServer  : Tomcat initialized with port(s): 0 (http)
2021-06-25 16:41:51.777  INFO 8568 --- [    Test worker] o.apache.catalina.core.StandardService   : Starting service [Tomcat]
2021-06-25 16:41:51.777  INFO 8568 --- [    Test worker] org.apache.catalina.core.StandardEngine  : Starting Servlet engine: [Apache Tomcat/9.0.27]
2021-06-25 16:41:51.925  INFO 8568 --- [    Test worker] o.a.c.c.C.[Tomcat].[localhost].[/]       : Initializing Spring embedded WebApplicationContext
2021-06-25 16:41:51.925  INFO 8568 --- [    Test worker] o.s.web.context.ContextLoader            : Root WebApplicationContext: initialization completed in 1606 ms
2021-06-25 16:41:52.611  INFO 8568 --- [    Test worker] de.bwaldvogel.mongo.MongoServer          : started MongoServer(port: 61118, ssl: false)
2021-06-25 16:41:52.710  INFO 8568 --- [    Test worker] org.mongodb.driver.cluster               : Cluster created with settings {hosts=[127.0.0.1:61118], mode=SINGLE, requiredClusterType=UNKNOWN, serverSelectionTimeout='30000 ms', maxWaitQueueSize=500}
2021-06-25 16:41:52.783  INFO 8568 --- [-server-worker1] d.b.mongo.wire.MongoWireProtocolHandler  : client [id: 0x55468883, L:/127.0.0.1:61118 - R:/127.0.0.1:61119] connected
2021-06-25 16:41:52.847  INFO 8568 --- [127.0.0.1:61118] org.mongodb.driver.connection            : Opened connection [connectionId{localValue:1}] to 127.0.0.1:61118
2021-06-25 16:41:52.848  WARN 8568 --- [    Test worker] o.s.data.convert.CustomConversions       : Registering converter from class java.time.LocalDateTime to class java.time.Instant as reading converter although it doesn't convert from a store-supported type! You might wanna check you annotation setup at the converter implementation.
2021-06-25 16:41:52.848  WARN 8568 --- [    Test worker] o.s.data.convert.CustomConversions       : Registering converter from class java.time.Instant to class java.time.LocalDateTime as reading converter although it doesn't convert from a store-supported type! You might wanna check you annotation setup at the converter implementation.
2021-06-25 16:41:52.850  INFO 8568 --- [127.0.0.1:61118] org.mongodb.driver.cluster               : Monitor thread successfully connected to server with description ServerDescription{address=127.0.0.1:61118, type=STANDALONE, state=CONNECTED, ok=true, version=ServerVersion{versionList=[3, 0, 0]}, minWireVersion=0, maxWireVersion=2, maxDocumentSize=16777216, logicalSessionTimeoutMinutes=null, roundTripTimeNanos=1273900}
2021-06-25 16:41:52.853  WARN 8568 --- [    Test worker] o.s.data.convert.CustomConversions       : Registering converter from class java.time.LocalDateTime to class java.time.Instant as reading converter although it doesn't convert from a store-supported type! You might wanna check you annotation setup at the converter implementation.
2021-06-25 16:41:52.854  WARN 8568 --- [    Test worker] o.s.data.convert.CustomConversions       : Registering converter from class java.time.Instant to class java.time.LocalDateTime as reading converter although it doesn't convert from a store-supported type! You might wanna check you annotation setup at the converter implementation.
2021-06-25 16:41:53.267  INFO 8568 --- [-server-worker2] d.b.mongo.wire.MongoWireProtocolHandler  : client [id: 0x379e2942, L:/127.0.0.1:61118 - R:/127.0.0.1:61120] connected
2021-06-25 16:41:53.270  INFO 8568 --- [    Test worker] org.mongodb.driver.connection            : Opened connection [connectionId{localValue:2}] to 127.0.0.1:61118
2021-06-25 16:41:53.299  INFO 8568 --- [-server-worker2] d.b.mongo.backend.AbstractMongoBackend   : created database test
2021-06-25 16:41:53.312  INFO 8568 --- [-server-worker2] d.b.mongo.backend.AbstractMongoDatabase  : adding unique _id index for collection employee
2021-06-25 16:41:53.314  INFO 8568 --- [-server-worker2] d.b.mongo.backend.AbstractMongoDatabase  : created collection test.employee
2021-06-25 16:41:53.626  INFO 8568 --- [    Test worker] o.s.s.concurrent.ThreadPoolTaskExecutor  : Initializing ExecutorService 'applicationTaskExecutor'
2021-06-25 16:41:53.875  WARN 8568 --- [    Test worker] o.s.data.convert.CustomConversions       : Registering converter from class java.time.LocalDateTime to class java.time.Instant as reading converter although it doesn't convert from a store-supported type! You might wanna check you annotation setup at the converter implementation.
2021-06-25 16:41:53.875  WARN 8568 --- [    Test worker] o.s.data.convert.CustomConversions       : Registering converter from class java.time.Instant to class java.time.LocalDateTime as reading converter although it doesn't convert from a store-supported type! You might wanna check you annotation setup at the converter implementation.
2021-06-25 16:41:53.901  WARN 8568 --- [    Test worker] o.s.data.convert.CustomConversions       : Registering converter from class java.time.LocalDateTime to class java.time.Instant as reading converter although it doesn't convert from a store-supported type! You might wanna check you annotation setup at the converter implementation.
2021-06-25 16:41:53.902  WARN 8568 --- [    Test worker] o.s.data.convert.CustomConversions       : Registering converter from class java.time.Instant to class java.time.LocalDateTime as reading converter although it doesn't convert from a store-supported type! You might wanna check you annotation setup at the converter implementation.
2021-06-25 16:41:54.268  INFO 8568 --- [    Test worker] o.s.b.w.embedded.tomcat.TomcatWebServer  : Tomcat started on port(s): 53391 (http) with context path ''
2021-06-25 16:41:54.269  INFO 8568 --- [    Test worker] c.m.c.s.impl.EmployeeServiceImplTest     : Started EmployeeServiceImplTest in 4.307 seconds (JVM running for 5.511)
2021-06-25 16:41:54.607  INFO 8568 --- [o-auto-1-exec-1] o.a.c.c.C.[Tomcat].[localhost].[/]       : Initializing Spring DispatcherServlet 'dispatcherServlet'
2021-06-25 16:41:54.607  INFO 8568 --- [o-auto-1-exec-1] o.s.web.servlet.DispatcherServlet        : Initializing Servlet 'dispatcherServlet'
2021-06-25 16:41:54.628  INFO 8568 --- [o-auto-1-exec-1] o.s.web.servlet.DispatcherServlet        : Completed initialization in 21 ms
2021-06-25 16:41:54.669 DEBUG 8568 --- [o-auto-1-exec-1] c.m.c.controller.EmployeeController      : Received employee create request for [com.mindex.challenge.data.Employee@1707347a]
2021-06-25 16:41:54.669 DEBUG 8568 --- [o-auto-1-exec-1] c.m.c.service.impl.EmployeeServiceImpl   : Creating employee [com.mindex.challenge.data.Employee@1707347a]
2021-06-25 16:41:54.700 DEBUG 8568 --- [o-auto-1-exec-2] c.m.c.controller.EmployeeController      : Received employee create request for id [2c4a2323-9f89-45d5-8adc-c4691d288836]
2021-06-25 16:41:54.701 DEBUG 8568 --- [o-auto-1-exec-2] c.m.c.service.impl.EmployeeServiceImpl   : Creating employee with id [2c4a2323-9f89-45d5-8adc-c4691d288836]
com.mindex.challenge.data.Compensation@52281e2d
]]></system-out>
  <system-err><![CDATA[]]></system-err>
</testsuite>
